#
# There is insufficient memory for the Java Runtime Environment to continue.
# Native memory allocation (mmap) failed to map 65536 bytes for Failed to commit metaspace.
# Possible reasons:
#   The system is out of physical RAM or swap space
#   The process is running with CompressedOops enabled, and the Java Heap may be blocking the growth of the native heap
# Possible solutions:
#   Reduce memory load on the system
#   Increase physical memory or swap space
#   Check if swap backing store is full
#   Decrease Java heap size (-Xmx/-Xms)
#   Decrease number of Java threads
#   Decrease Java thread stack sizes (-Xss)
#   Set larger code cache with -XX:ReservedCodeCacheSize=
#   JVM is running with Zero Based Compressed Oops mode in which the Java heap is
#     placed in the first 32GB address space. The Java Heap base address is the
#     maximum limit for the native heap growth. Please use -XX:HeapBaseMinAddress
#     to set the Java Heap base and to place the Java Heap above 32GB virtual address.
# This output file may be truncated or incomplete.
#
#  Out of Memory Error (virtualSpaceNode.cpp:112), pid=189008, tid=180972
#
# JRE version: OpenJDK Runtime Environment (21.0.1+12) (build 21.0.1+12-29)
# Java VM: OpenJDK 64-Bit Server VM (21.0.1+12-29, mixed mode, sharing, tiered, compressed oops, compressed class ptrs, g1 gc, windows-amd64)
# No core dump will be written. Minidumps are not enabled by default on client versions of Windows
#

---------------  S U M M A R Y ------------

Command Line: -agentlib:jdwp=transport=dt_socket,address=127.0.0.1:57443,suspend=y,server=n -javaagent:C:\Users\user\AppData\Local\JetBrains\IntelliJIdea2024.1\captureAgent\debugger-agent.jar -Dfile.encoding=UTF-8 -Dsun.stdout.encoding=UTF-8 -Dsun.stderr.encoding=UTF-8 com.ll.Main

Host: AMD Ryzen 5 PRO 4650G with Radeon Graphics, 12 cores, 15G,  Windows 10 , 64 bit Build 19041 (10.0.19041.4597)
Time: Sat Jul 27 19:41:24 2024  Windows 10 , 64 bit Build 19041 (10.0.19041.4597) elapsed time: 0.561468 seconds (0d 0h 0m 0s)

---------------  T H R E A D  ---------------

Current thread (0x0000018cce80a0d0):  JavaThread "C1 CompilerThread0" daemon [_thread_in_vm, id=180972, stack(0x0000006085e00000,0x0000006085f00000) (1024K)]


Current CompileTask:
C1:    561  173       3       java.lang.String::substring (58 bytes)

Stack: [0x0000006085e00000,0x0000006085f00000]
Native frames: (J=compiled Java code, j=interpreted, Vv=VM code, C=native code)
V  [jvm.dll+0x6c9029]
V  [jvm.dll+0x854b81]
V  [jvm.dll+0x856e5e]
V  [jvm.dll+0x857543]
V  [jvm.dll+0x280c06]
V  [jvm.dll+0x8508ae]
V  [jvm.dll+0x66ca45]
V  [jvm.dll+0x66caaa]
V  [jvm.dll+0x66f2a6]
V  [jvm.dll+0x66f172]
V  [jvm.dll+0x66d41e]
V  [jvm.dll+0x67e69a]
V  [jvm.dll+0x677932]
V  [jvm.dll+0x1f4390]
V  [jvm.dll+0x1f4578]
V  [jvm.dll+0x166926]
V  [jvm.dll+0x166776]
V  [jvm.dll+0x15e298]
V  [jvm.dll+0x16050d]
V  [jvm.dll+0x15eb35]
V  [jvm.dll+0x15884e]
V  [jvm.dll+0x168436]
V  [jvm.dll+0x153c00]
V  [jvm.dll+0x153f83]
V  [jvm.dll+0x154244]
V  [jvm.dll+0x153686]
V  [jvm.dll+0x1553ed]
V  [jvm.dll+0x2586b9]
V  [jvm.dll+0x256c9a]
V  [jvm.dll+0x3ef1b6]
V  [jvm.dll+0x7fd728]
V  [jvm.dll+0x6c777d]
C  [ucrtbase.dll+0x21bb2]
C  [KERNEL32.DLL+0x17374]
C  [ntdll.dll+0x4cc91]


---------------  P R O C E S S  ---------------

Threads class SMR info:
_java_thread_list=0x0000018ccea62560, length=11, elements={
0x0000018cad28f920, 0x0000018cce7f7fc0, 0x0000018cce7f8ce0, 0x0000018cce7fb8c0,
0x0000018cce7fc320, 0x0000018cce804d90, 0x0000018cce8057f0, 0x0000018cce806580,
0x0000018cce80a0d0, 0x0000018cce972790, 0x0000018cceae19a0
}

Java Threads: ( => current thread )
  0x0000018cad28f920 JavaThread "main"                              [_thread_in_vm, id=188916, stack(0x0000006084f00000,0x0000006085000000) (1024K)]
  0x0000018cce7f7fc0 JavaThread "Reference Handler"          daemon [_thread_blocked, id=187596, stack(0x0000006085700000,0x0000006085800000) (1024K)]
  0x0000018cce7f8ce0 JavaThread "Finalizer"                  daemon [_thread_blocked, id=174260, stack(0x0000006085800000,0x0000006085900000) (1024K)]
  0x0000018cce7fb8c0 JavaThread "Signal Dispatcher"          daemon [_thread_blocked, id=185628, stack(0x0000006085900000,0x0000006085a00000) (1024K)]
  0x0000018cce7fc320 JavaThread "Attach Listener"            daemon [_thread_blocked, id=178728, stack(0x0000006085a00000,0x0000006085b00000) (1024K)]
  0x0000018cce804d90 JavaThread "Service Thread"             daemon [_thread_blocked, id=187688, stack(0x0000006085b00000,0x0000006085c00000) (1024K)]
  0x0000018cce8057f0 JavaThread "Monitor Deflation Thread"   daemon [_thread_blocked, id=189100, stack(0x0000006085c00000,0x0000006085d00000) (1024K)]
  0x0000018cce806580 JavaThread "C2 CompilerThread0"         daemon [_thread_blocked, id=157320, stack(0x0000006085d00000,0x0000006085e00000) (1024K)]
=>0x0000018cce80a0d0 JavaThread "C1 CompilerThread0"         daemon [_thread_in_vm, id=180972, stack(0x0000006085e00000,0x0000006085f00000) (1024K)]
  0x0000018cce972790 JavaThread "Common-Cleaner"             daemon [_thread_blocked, id=188864, stack(0x0000006085f00000,0x0000006086000000) (1024K)]
  0x0000018cceae19a0 JavaThread "JDWP Event Helper Thread"   daemon [_thread_blocked, id=183400, stack(0x0000006086100000,0x0000006086200000) (1024K)]
Total: 11

Other Threads:
  0x0000018cce7d6600 VMThread "VM Thread"                           [id=171028, stack(0x0000006085600000,0x0000006085700000) (1024K)]
  0x0000018cce7c02f0 WatcherThread "VM Periodic Task Thread"        [id=169340, stack(0x0000006085500000,0x0000006085600000) (1024K)]
  0x0000018cad5a0d60 WorkerThread "GC Thread#0"                     [id=186096, stack(0x0000006085000000,0x0000006085100000) (1024K)]
  0x0000018cad5b1540 ConcurrentGCThread "G1 Main Marker"            [id=186532, stack(0x0000006085100000,0x0000006085200000) (1024K)]
  0x0000018cad5b2040 WorkerThread "G1 Conc#0"                       [id=186564, stack(0x0000006085200000,0x0000006085300000) (1024K)]
  0x0000018cce6940f0 ConcurrentGCThread "G1 Refine#0"               [id=187408, stack(0x0000006085300000,0x0000006085400000) (1024K)]
  0x0000018cad60dc80 ConcurrentGCThread "G1 Service"                [id=171024, stack(0x0000006085400000,0x0000006085500000) (1024K)]
Total: 7

Threads with active compile tasks:
C1 CompilerThread0      572  173       3       java.lang.String::substring (58 bytes)
Total: 1

VM state: not at safepoint (normal execution)

VM Mutex/Monitor currently owned by a thread:  ([mutex/lock_event])
[0x00007ff95aeb8578] Metaspace_lock - owner thread: 0x0000018cce80a0d0

Heap address: 0x0000000709a00000, size: 3942 MB, Compressed Oops mode: Zero based, Oop shift amount: 3

CDS archive(s) mapped at: [0x0000018ccf000000-0x0000018ccfc90000-0x0000018ccfc90000), size 13172736, SharedBaseAddress: 0x0000018ccf000000, ArchiveRelocationMode: 1.
Compressed class space mapped at: 0x0000018cd0000000-0x0000018d10000000, reserved size: 1073741824
Narrow klass base: 0x0000018ccf000000, Narrow klass shift: 0, Narrow klass range: 0x100000000

GC Precious Log:
 CardTable entry size: 512
 Card Set container configuration: InlinePtr #cards 4 size 8 Array Of Cards #cards 16 size 48 Howl #buckets 8 coarsen threshold 3686 Howl Bitmap #cards 512 size 80 coarsen threshold 460 Card regions per heap region 1 cards per card region 4096
 CPUs: 12 total, 12 available
 Memory: 15761M
 Large Page Support: Disabled
 NUMA Support: Disabled
 Compressed Oops: Enabled (Zero based)
 Heap Region Size: 2M
 Heap Min Capacity: 8M
 Heap Initial Capacity: 248M
 Heap Max Capacity: 3942M
 Pre-touch: Disabled
 Parallel Workers: 10
 Concurrent Workers: 3
 Concurrent Refinement Workers: 10
 Periodic GC: Disabled

Heap:
 garbage-first heap   total 253952K, used 2048K [0x0000000709a00000, 0x0000000800000000)
  region size 2048K, 2 young (4096K), 0 survivors (0K)
 Metaspace       used 337K, committed 512K, reserved 1114112K
  class space    used 15K, committed 128K, reserved 1048576K

Heap Regions: E=young(eden), S=young(survivor), O=old, HS=humongous(starts), HC=humongous(continues), CS=collection set, F=free, TAMS=top-at-mark-start, PB=parsable bottom
|   0|0x0000000709a00000, 0x0000000709a00000, 0x0000000709c00000|  0%| F|  |TAMS 0x0000000709a00000| PB 0x0000000709a00000| Untracked 
|   1|0x0000000709c00000, 0x0000000709c00000, 0x0000000709e00000|  0%| F|  |TAMS 0x0000000709c00000| PB 0x0000000709c00000| Untracked 
|   2|0x0000000709e00000, 0x0000000709e00000, 0x000000070a000000|  0%| F|  |TAMS 0x0000000709e00000| PB 0x0000000709e00000| Untracked 
|   3|0x000000070a000000, 0x000000070a000000, 0x000000070a200000|  0%| F|  |TAMS 0x000000070a000000| PB 0x000000070a000000| Untracked 
|   4|0x000000070a200000, 0x000000070a200000, 0x000000070a400000|  0%| F|  |TAMS 0x000000070a200000| PB 0x000000070a200000| Untracked 
|   5|0x000000070a400000, 0x000000070a400000, 0x000000070a600000|  0%| F|  |TAMS 0x000000070a400000| PB 0x000000070a400000| Untracked 
|   6|0x000000070a600000, 0x000000070a600000, 0x000000070a800000|  0%| F|  |TAMS 0x000000070a600000| PB 0x000000070a600000| Untracked 
|   7|0x000000070a800000, 0x000000070a800000, 0x000000070aa00000|  0%| F|  |TAMS 0x000000070a800000| PB 0x000000070a800000| Untracked 
|   8|0x000000070aa00000, 0x000000070aa00000, 0x000000070ac00000|  0%| F|  |TAMS 0x000000070aa00000| PB 0x000000070aa00000| Untracked 
|   9|0x000000070ac00000, 0x000000070ac00000, 0x000000070ae00000|  0%| F|  |TAMS 0x000000070ac00000| PB 0x000000070ac00000| Untracked 
|  10|0x000000070ae00000, 0x000000070ae00000, 0x000000070b000000|  0%| F|  |TAMS 0x000000070ae00000| PB 0x000000070ae00000| Untracked 
|  11|0x000000070b000000, 0x000000070b000000, 0x000000070b200000|  0%| F|  |TAMS 0x000000070b000000| PB 0x000000070b000000| Untracked 
|  12|0x000000070b200000, 0x000000070b200000, 0x000000070b400000|  0%| F|  |TAMS 0x000000070b200000| PB 0x000000070b200000| Untracked 
|  13|0x000000070b400000, 0x000000070b400000, 0x000000070b600000|  0%| F|  |TAMS 0x000000070b400000| PB 0x000000070b400000| Untracked 
|  14|0x000000070b600000, 0x000000070b600000, 0x000000070b800000|  0%| F|  |TAMS 0x000000070b600000| PB 0x000000070b600000| Untracked 
|  15|0x000000070b800000, 0x000000070b800000, 0x000000070ba00000|  0%| F|  |TAMS 0x000000070b800000| PB 0x000000070b800000| Untracked 
|  16|0x000000070ba00000, 0x000000070ba00000, 0x000000070bc00000|  0%| F|  |TAMS 0x000000070ba00000| PB 0x000000070ba00000| Untracked 
|  17|0x000000070bc00000, 0x000000070bc00000, 0x000000070be00000|  0%| F|  |TAMS 0x000000070bc00000| PB 0x000000070bc00000| Untracked 
|  18|0x000000070be00000, 0x000000070be00000, 0x000000070c000000|  0%| F|  |TAMS 0x000000070be00000| PB 0x000000070be00000| Untracked 
|  19|0x000000070c000000, 0x000000070c000000, 0x000000070c200000|  0%| F|  |TAMS 0x000000070c000000| PB 0x000000070c000000| Untracked 
|  20|0x000000070c200000, 0x000000070c200000, 0x000000070c400000|  0%| F|  |TAMS 0x000000070c200000| PB 0x000000070c200000| Untracked 
|  21|0x000000070c400000, 0x000000070c400000, 0x000000070c600000|  0%| F|  |TAMS 0x000000070c400000| PB 0x000000070c400000| Untracked 
|  22|0x000000070c600000, 0x000000070c600000, 0x000000070c800000|  0%| F|  |TAMS 0x000000070c600000| PB 0x000000070c600000| Untracked 
|  23|0x000000070c800000, 0x000000070c800000, 0x000000070ca00000|  0%| F|  |TAMS 0x000000070c800000| PB 0x000000070c800000| Untracked 
|  24|0x000000070ca00000, 0x000000070ca00000, 0x000000070cc00000|  0%| F|  |TAMS 0x000000070ca00000| PB 0x000000070ca00000| Untracked 
|  25|0x000000070cc00000, 0x000000070cc00000, 0x000000070ce00000|  0%| F|  |TAMS 0x000000070cc00000| PB 0x000000070cc00000| Untracked 
|  26|0x000000070ce00000, 0x000000070ce00000, 0x000000070d000000|  0%| F|  |TAMS 0x000000070ce00000| PB 0x000000070ce00000| Untracked 
|  27|0x000000070d000000, 0x000000070d000000, 0x000000070d200000|  0%| F|  |TAMS 0x000000070d000000| PB 0x000000070d000000| Untracked 
|  28|0x000000070d200000, 0x000000070d200000, 0x000000070d400000|  0%| F|  |TAMS 0x000000070d200000| PB 0x000000070d200000| Untracked 
|  29|0x000000070d400000, 0x000000070d400000, 0x000000070d600000|  0%| F|  |TAMS 0x000000070d400000| PB 0x000000070d400000| Untracked 
|  30|0x000000070d600000, 0x000000070d600000, 0x000000070d800000|  0%| F|  |TAMS 0x000000070d600000| PB 0x000000070d600000| Untracked 
|  31|0x000000070d800000, 0x000000070d800000, 0x000000070da00000|  0%| F|  |TAMS 0x000000070d800000| PB 0x000000070d800000| Untracked 
|  32|0x000000070da00000, 0x000000070da00000, 0x000000070dc00000|  0%| F|  |TAMS 0x000000070da00000| PB 0x000000070da00000| Untracked 
|  33|0x000000070dc00000, 0x000000070dc00000, 0x000000070de00000|  0%| F|  |TAMS 0x000000070dc00000| PB 0x000000070dc00000| Untracked 
|  34|0x000000070de00000, 0x000000070de00000, 0x000000070e000000|  0%| F|  |TAMS 0x000000070de00000| PB 0x000000070de00000| Untracked 
|  35|0x000000070e000000, 0x000000070e000000, 0x000000070e200000|  0%| F|  |TAMS 0x000000070e000000| PB 0x000000070e000000| Untracked 
|  36|0x000000070e200000, 0x000000070e200000, 0x000000070e400000|  0%| F|  |TAMS 0x000000070e200000| PB 0x000000070e200000| Untracked 
|  37|0x000000070e400000, 0x000000070e400000, 0x000000070e600000|  0%| F|  |TAMS 0x000000070e400000| PB 0x000000070e400000| Untracked 
|  38|0x000000070e600000, 0x000000070e600000, 0x000000070e800000|  0%| F|  |TAMS 0x000000070e600000| PB 0x000000070e600000| Untracked 
|  39|0x000000070e800000, 0x000000070e800000, 0x000000070ea00000|  0%| F|  |TAMS 0x000000070e800000| PB 0x000000070e800000| Untracked 
|  40|0x000000070ea00000, 0x000000070ea00000, 0x000000070ec00000|  0%| F|  |TAMS 0x000000070ea00000| PB 0x000000070ea00000| Untracked 
|  41|0x000000070ec00000, 0x000000070ec00000, 0x000000070ee00000|  0%| F|  |TAMS 0x000000070ec00000| PB 0x000000070ec00000| Untracked 
|  42|0x000000070ee00000, 0x000000070ee00000, 0x000000070f000000|  0%| F|  |TAMS 0x000000070ee00000| PB 0x000000070ee00000| Untracked 
|  43|0x000000070f000000, 0x000000070f000000, 0x000000070f200000|  0%| F|  |TAMS 0x000000070f000000| PB 0x000000070f000000| Untracked 
|  44|0x000000070f200000, 0x000000070f200000, 0x000000070f400000|  0%| F|  |TAMS 0x000000070f200000| PB 0x000000070f200000| Untracked 
|  45|0x000000070f400000, 0x000000070f400000, 0x000000070f600000|  0%| F|  |TAMS 0x000000070f400000| PB 0x000000070f400000| Untracked 
|  46|0x000000070f600000, 0x000000070f600000, 0x000000070f800000|  0%| F|  |TAMS 0x000000070f600000| PB 0x000000070f600000| Untracked 
|  47|0x000000070f800000, 0x000000070f800000, 0x000000070fa00000|  0%| F|  |TAMS 0x000000070f800000| PB 0x000000070f800000| Untracked 
|  48|0x000000070fa00000, 0x000000070fa00000, 0x000000070fc00000|  0%| F|  |TAMS 0x000000070fa00000| PB 0x000000070fa00000| Untracked 
|  49|0x000000070fc00000, 0x000000070fc00000, 0x000000070fe00000|  0%| F|  |TAMS 0x000000070fc00000| PB 0x000000070fc00000| Untracked 
|  50|0x000000070fe00000, 0x000000070fe00000, 0x0000000710000000|  0%| F|  |TAMS 0x000000070fe00000| PB 0x000000070fe00000| Untracked 
|  51|0x0000000710000000, 0x0000000710000000, 0x0000000710200000|  0%| F|  |TAMS 0x0000000710000000| PB 0x0000000710000000| Untracked 
|  52|0x0000000710200000, 0x0000000710200000, 0x0000000710400000|  0%| F|  |TAMS 0x0000000710200000| PB 0x0000000710200000| Untracked 
|  53|0x0000000710400000, 0x0000000710400000, 0x0000000710600000|  0%| F|  |TAMS 0x0000000710400000| PB 0x0000000710400000| Untracked 
|  54|0x0000000710600000, 0x0000000710600000, 0x0000000710800000|  0%| F|  |TAMS 0x0000000710600000| PB 0x0000000710600000| Untracked 
|  55|0x0000000710800000, 0x0000000710800000, 0x0000000710a00000|  0%| F|  |TAMS 0x0000000710800000| PB 0x0000000710800000| Untracked 
|  56|0x0000000710a00000, 0x0000000710a00000, 0x0000000710c00000|  0%| F|  |TAMS 0x0000000710a00000| PB 0x0000000710a00000| Untracked 
|  57|0x0000000710c00000, 0x0000000710c00000, 0x0000000710e00000|  0%| F|  |TAMS 0x0000000710c00000| PB 0x0000000710c00000| Untracked 
|  58|0x0000000710e00000, 0x0000000710e00000, 0x0000000711000000|  0%| F|  |TAMS 0x0000000710e00000| PB 0x0000000710e00000| Untracked 
|  59|0x0000000711000000, 0x0000000711000000, 0x0000000711200000|  0%| F|  |TAMS 0x0000000711000000| PB 0x0000000711000000| Untracked 
|  60|0x0000000711200000, 0x0000000711200000, 0x0000000711400000|  0%| F|  |TAMS 0x0000000711200000| PB 0x0000000711200000| Untracked 
|  61|0x0000000711400000, 0x0000000711400000, 0x0000000711600000|  0%| F|  |TAMS 0x0000000711400000| PB 0x0000000711400000| Untracked 
|  62|0x0000000711600000, 0x0000000711600000, 0x0000000711800000|  0%| F|  |TAMS 0x0000000711600000| PB 0x0000000711600000| Untracked 
|  63|0x0000000711800000, 0x0000000711800000, 0x0000000711a00000|  0%| F|  |TAMS 0x0000000711800000| PB 0x0000000711800000| Untracked 
|  64|0x0000000711a00000, 0x0000000711a00000, 0x0000000711c00000|  0%| F|  |TAMS 0x0000000711a00000| PB 0x0000000711a00000| Untracked 
|  65|0x0000000711c00000, 0x0000000711c00000, 0x0000000711e00000|  0%| F|  |TAMS 0x0000000711c00000| PB 0x0000000711c00000| Untracked 
|  66|0x0000000711e00000, 0x0000000711e00000, 0x0000000712000000|  0%| F|  |TAMS 0x0000000711e00000| PB 0x0000000711e00000| Untracked 
|  67|0x0000000712000000, 0x0000000712000000, 0x0000000712200000|  0%| F|  |TAMS 0x0000000712000000| PB 0x0000000712000000| Untracked 
|  68|0x0000000712200000, 0x0000000712200000, 0x0000000712400000|  0%| F|  |TAMS 0x0000000712200000| PB 0x0000000712200000| Untracked 
|  69|0x0000000712400000, 0x0000000712400000, 0x0000000712600000|  0%| F|  |TAMS 0x0000000712400000| PB 0x0000000712400000| Untracked 
|  70|0x0000000712600000, 0x0000000712600000, 0x0000000712800000|  0%| F|  |TAMS 0x0000000712600000| PB 0x0000000712600000| Untracked 
|  71|0x0000000712800000, 0x0000000712800000, 0x0000000712a00000|  0%| F|  |TAMS 0x0000000712800000| PB 0x0000000712800000| Untracked 
|  72|0x0000000712a00000, 0x0000000712a00000, 0x0000000712c00000|  0%| F|  |TAMS 0x0000000712a00000| PB 0x0000000712a00000| Untracked 
|  73|0x0000000712c00000, 0x0000000712c00000, 0x0000000712e00000|  0%| F|  |TAMS 0x0000000712c00000| PB 0x0000000712c00000| Untracked 
|  74|0x0000000712e00000, 0x0000000712e00000, 0x0000000713000000|  0%| F|  |TAMS 0x0000000712e00000| PB 0x0000000712e00000| Untracked 
|  75|0x0000000713000000, 0x0000000713000000, 0x0000000713200000|  0%| F|  |TAMS 0x0000000713000000| PB 0x0000000713000000| Untracked 
|  76|0x0000000713200000, 0x0000000713200000, 0x0000000713400000|  0%| F|  |TAMS 0x0000000713200000| PB 0x0000000713200000| Untracked 
|  77|0x0000000713400000, 0x0000000713400000, 0x0000000713600000|  0%| F|  |TAMS 0x0000000713400000| PB 0x0000000713400000| Untracked 
|  78|0x0000000713600000, 0x0000000713600000, 0x0000000713800000|  0%| F|  |TAMS 0x0000000713600000| PB 0x0000000713600000| Untracked 
|  79|0x0000000713800000, 0x0000000713800000, 0x0000000713a00000|  0%| F|  |TAMS 0x0000000713800000| PB 0x0000000713800000| Untracked 
|  80|0x0000000713a00000, 0x0000000713a00000, 0x0000000713c00000|  0%| F|  |TAMS 0x0000000713a00000| PB 0x0000000713a00000| Untracked 
|  81|0x0000000713c00000, 0x0000000713c00000, 0x0000000713e00000|  0%| F|  |TAMS 0x0000000713c00000| PB 0x0000000713c00000| Untracked 
|  82|0x0000000713e00000, 0x0000000713e00000, 0x0000000714000000|  0%| F|  |TAMS 0x0000000713e00000| PB 0x0000000713e00000| Untracked 
|  83|0x0000000714000000, 0x0000000714000000, 0x0000000714200000|  0%| F|  |TAMS 0x0000000714000000| PB 0x0000000714000000| Untracked 
|  84|0x0000000714200000, 0x0000000714200000, 0x0000000714400000|  0%| F|  |TAMS 0x0000000714200000| PB 0x0000000714200000| Untracked 
|  85|0x0000000714400000, 0x0000000714400000, 0x0000000714600000|  0%| F|  |TAMS 0x0000000714400000| PB 0x0000000714400000| Untracked 
|  86|0x0000000714600000, 0x0000000714600000, 0x0000000714800000|  0%| F|  |TAMS 0x0000000714600000| PB 0x0000000714600000| Untracked 
|  87|0x0000000714800000, 0x0000000714800000, 0x0000000714a00000|  0%| F|  |TAMS 0x0000000714800000| PB 0x0000000714800000| Untracked 
|  88|0x0000000714a00000, 0x0000000714a00000, 0x0000000714c00000|  0%| F|  |TAMS 0x0000000714a00000| PB 0x0000000714a00000| Untracked 
|  89|0x0000000714c00000, 0x0000000714c00000, 0x0000000714e00000|  0%| F|  |TAMS 0x0000000714c00000| PB 0x0000000714c00000| Untracked 
|  90|0x0000000714e00000, 0x0000000714e00000, 0x0000000715000000|  0%| F|  |TAMS 0x0000000714e00000| PB 0x0000000714e00000| Untracked 
|  91|0x0000000715000000, 0x0000000715000000, 0x0000000715200000|  0%| F|  |TAMS 0x0000000715000000| PB 0x0000000715000000| Untracked 
|  92|0x0000000715200000, 0x0000000715200000, 0x0000000715400000|  0%| F|  |TAMS 0x0000000715200000| PB 0x0000000715200000| Untracked 
|  93|0x0000000715400000, 0x0000000715400000, 0x0000000715600000|  0%| F|  |TAMS 0x0000000715400000| PB 0x0000000715400000| Untracked 
|  94|0x0000000715600000, 0x0000000715600000, 0x0000000715800000|  0%| F|  |TAMS 0x0000000715600000| PB 0x0000000715600000| Untracked 
|  95|0x0000000715800000, 0x0000000715800000, 0x0000000715a00000|  0%| F|  |TAMS 0x0000000715800000| PB 0x0000000715800000| Untracked 
|  96|0x0000000715a00000, 0x0000000715a00000, 0x0000000715c00000|  0%| F|  |TAMS 0x0000000715a00000| PB 0x0000000715a00000| Untracked 
|  97|0x0000000715c00000, 0x0000000715c00000, 0x0000000715e00000|  0%| F|  |TAMS 0x0000000715c00000| PB 0x0000000715c00000| Untracked 
|  98|0x0000000715e00000, 0x0000000715e00000, 0x0000000716000000|  0%| F|  |TAMS 0x0000000715e00000| PB 0x0000000715e00000| Untracked 
|  99|0x0000000716000000, 0x0000000716000000, 0x0000000716200000|  0%| F|  |TAMS 0x0000000716000000| PB 0x0000000716000000| Untracked 
| 100|0x0000000716200000, 0x0000000716200000, 0x0000000716400000|  0%| F|  |TAMS 0x0000000716200000| PB 0x0000000716200000| Untracked 
| 101|0x0000000716400000, 0x0000000716400000, 0x0000000716600000|  0%| F|  |TAMS 0x0000000716400000| PB 0x0000000716400000| Untracked 
| 102|0x0000000716600000, 0x0000000716600000, 0x0000000716800000|  0%| F|  |TAMS 0x0000000716600000| PB 0x0000000716600000| Untracked 
| 103|0x0000000716800000, 0x0000000716800000, 0x0000000716a00000|  0%| F|  |TAMS 0x0000000716800000| PB 0x0000000716800000| Untracked 
| 104|0x0000000716a00000, 0x0000000716a00000, 0x0000000716c00000|  0%| F|  |TAMS 0x0000000716a00000| PB 0x0000000716a00000| Untracked 
| 105|0x0000000716c00000, 0x0000000716c00000, 0x0000000716e00000|  0%| F|  |TAMS 0x0000000716c00000| PB 0x0000000716c00000| Untracked 
| 106|0x0000000716e00000, 0x0000000716e00000, 0x0000000717000000|  0%| F|  |TAMS 0x0000000716e00000| PB 0x0000000716e00000| Untracked 
| 107|0x0000000717000000, 0x0000000717000000, 0x0000000717200000|  0%| F|  |TAMS 0x0000000717000000| PB 0x0000000717000000| Untracked 
| 108|0x0000000717200000, 0x0000000717200000, 0x0000000717400000|  0%| F|  |TAMS 0x0000000717200000| PB 0x0000000717200000| Untracked 
| 109|0x0000000717400000, 0x0000000717400000, 0x0000000717600000|  0%| F|  |TAMS 0x0000000717400000| PB 0x0000000717400000| Untracked 
| 110|0x0000000717600000, 0x0000000717600000, 0x0000000717800000|  0%| F|  |TAMS 0x0000000717600000| PB 0x0000000717600000| Untracked 
| 111|0x0000000717800000, 0x0000000717800000, 0x0000000717a00000|  0%| F|  |TAMS 0x0000000717800000| PB 0x0000000717800000| Untracked 
| 112|0x0000000717a00000, 0x0000000717a00000, 0x0000000717c00000|  0%| F|  |TAMS 0x0000000717a00000| PB 0x0000000717a00000| Untracked 
| 113|0x0000000717c00000, 0x0000000717c00000, 0x0000000717e00000|  0%| F|  |TAMS 0x0000000717c00000| PB 0x0000000717c00000| Untracked 
| 114|0x0000000717e00000, 0x0000000717e00000, 0x0000000718000000|  0%| F|  |TAMS 0x0000000717e00000| PB 0x0000000717e00000| Untracked 
| 115|0x0000000718000000, 0x0000000718000000, 0x0000000718200000|  0%| F|  |TAMS 0x0000000718000000| PB 0x0000000718000000| Untracked 
| 116|0x0000000718200000, 0x0000000718200000, 0x0000000718400000|  0%| F|  |TAMS 0x0000000718200000| PB 0x0000000718200000| Untracked 
| 117|0x0000000718400000, 0x0000000718400000, 0x0000000718600000|  0%| F|  |TAMS 0x0000000718400000| PB 0x0000000718400000| Untracked 
| 118|0x0000000718600000, 0x0000000718600000, 0x0000000718800000|  0%| F|  |TAMS 0x0000000718600000| PB 0x0000000718600000| Untracked 
| 119|0x0000000718800000, 0x0000000718800000, 0x0000000718a00000|  0%| F|  |TAMS 0x0000000718800000| PB 0x0000000718800000| Untracked 
| 120|0x0000000718a00000, 0x0000000718a00000, 0x0000000718c00000|  0%| F|  |TAMS 0x0000000718a00000| PB 0x0000000718a00000| Untracked 
| 121|0x0000000718c00000, 0x0000000718c00000, 0x0000000718e00000|  0%| F|  |TAMS 0x0000000718c00000| PB 0x0000000718c00000| Untracked 
| 122|0x0000000718e00000, 0x0000000718fc3540, 0x0000000719000000| 88%| E|  |TAMS 0x0000000718e00000| PB 0x0000000718e00000| Complete 
| 123|0x0000000719000000, 0x0000000719200000, 0x0000000719200000|100%| E|CS|TAMS 0x0000000719000000| PB 0x0000000719000000| Complete 

Card table byte_map: [0x0000018cc75d0000,0x0000018cc7d90000] _byte_map_base: 0x0000018cc3d83000

Marking Bits: (CMBitMap*) 0x0000018cad5a1460
 Bits: [0x0000018cc7d90000, 0x0000018ccbb28000)

Polling page: 0x0000018cad250000

Metaspace:

Usage:
  Non-class:    322.22 KB used.
      Class:     15.42 KB used.
       Both:    337.64 KB used.

Virtual space:
  Non-class space:       64.00 MB reserved,     384.00 KB ( <1%) committed,  1 nodes.
      Class space:        1.00 GB reserved,     128.00 KB ( <1%) committed,  1 nodes.
             Both:        1.06 GB reserved,     512.00 KB ( <1%) committed. 

Chunk freelists:
   Non-Class:  12.00 MB
       Class:  15.75 MB
        Both:  27.74 MB

MaxMetaspaceSize: unlimited
CompressedClassSpaceSize: 1.00 GB
Initial GC threshold: 21.00 MB
Current GC threshold: 21.00 MB
CDS: on
 - commit_granule_bytes: 65536.
 - commit_granule_words: 8192.
 - virtual_space_node_default_size: 8388608.
 - enlarge_chunks_in_place: 1.
 - use_allocation_guard: 0.


Internal statistics:

num_allocs_failed_limit: 0.
num_arena_births: 6.
num_arena_deaths: 0.
num_vsnodes_births: 2.
num_vsnodes_deaths: 0.
num_space_committed: 8.
num_space_uncommitted: 0.
num_chunks_returned_to_freelist: 0.
num_chunks_taken_from_freelist: 7.
num_chunk_merges: 0.
num_chunk_splits: 5.
num_chunks_enlarged: 2.
num_inconsistent_stats: 0.

CodeHeap 'non-profiled nmethods': size=120000Kb used=63Kb max_used=63Kb free=119937Kb
 bounds [0x0000018cbec50000, 0x0000018cbeec0000, 0x0000018cc6180000]
CodeHeap 'profiled nmethods': size=120000Kb used=188Kb max_used=188Kb free=119811Kb
 bounds [0x0000018cb7180000, 0x0000018cb73f0000, 0x0000018cbe6b0000]
CodeHeap 'non-nmethods': size=5760Kb used=1313Kb max_used=1326Kb free=4446Kb
 bounds [0x0000018cbe6b0000, 0x0000018cbe920000, 0x0000018cbec50000]
 total_blobs=542 nmethods=172 adapters=275
 compilation: enabled
              stopped_count=0, restarted_count=0
 full_count=0

Compilation events (20 events):
Event: 0.117 Thread 0x0000018cce806580 nmethod 133 0x0000018cbec5f090 code [0x0000018cbec5f220, 0x0000018cbec5f418]
Event: 0.117 Thread 0x0000018cce806580  157       4       java.util.HashMap::newNode (13 bytes)
Event: 0.117 Thread 0x0000018cce806580 nmethod 157 0x0000018cbec5f510 code [0x0000018cbec5f6a0, 0x0000018cbec5f7d0]
Event: 0.556 Thread 0x0000018cce80a0d0  165       3       java.lang.StringLatin1::indexOfChar (33 bytes)
Event: 0.556 Thread 0x0000018cce80a0d0 nmethod 165 0x0000018cb71ac410 code [0x0000018cb71ac5c0, 0x0000018cb71ac7f8]
Event: 0.557 Thread 0x0000018cce80a0d0  166       3       java.lang.invoke.MethodType::parameterCount (6 bytes)
Event: 0.557 Thread 0x0000018cce80a0d0 nmethod 166 0x0000018cb71ac910 code [0x0000018cb71acaa0, 0x0000018cb71acbb8]
Event: 0.557 Thread 0x0000018cce80a0d0  167       3       java.lang.String::indexOf (37 bytes)
Event: 0.557 Thread 0x0000018cce80a0d0 nmethod 167 0x0000018cb71acc90 code [0x0000018cb71acea0, 0x0000018cb71ad370]
Event: 0.557 Thread 0x0000018cce80a0d0  169       3       java.lang.String::<init> (15 bytes)
Event: 0.557 Thread 0x0000018cce80a0d0 nmethod 169 0x0000018cb71ad510 code [0x0000018cb71ad6c0, 0x0000018cb71ad890]
Event: 0.558 Thread 0x0000018cce80a0d0  168       3       java.lang.StringLatin1::indexOf (37 bytes)
Event: 0.558 Thread 0x0000018cce80a0d0 nmethod 168 0x0000018cb71ad990 code [0x0000018cb71adb80, 0x0000018cb71ae0c8]
Event: 0.558 Thread 0x0000018cce80a0d0  170       3       java.lang.StringUTF16::getChars (42 bytes)
Event: 0.558 Thread 0x0000018cce806580  171       4       java.lang.StringUTF16::getChar (60 bytes)
Event: 0.558 Thread 0x0000018cce80a0d0 nmethod 170 0x0000018cb71ae290 code [0x0000018cb71ae480, 0x0000018cb71ae930]
Event: 0.558 Thread 0x0000018cce80a0d0  172       3       java.lang.String::toCharArray (25 bytes)
Event: 0.558 Thread 0x0000018cce80a0d0 nmethod 172 0x0000018cb71aec10 code [0x0000018cb71aede0, 0x0000018cb71af0a8]
Event: 0.558 Thread 0x0000018cce806580 nmethod 171 0x0000018cbec5f890 code [0x0000018cbec5fa20, 0x0000018cbec5fb10]
Event: 0.560 Thread 0x0000018cce80a0d0  173       3       java.lang.String::substring (58 bytes)

GC Heap History (0 events):
No events

Dll operation events (4 events):
Event: 0.043 Loaded shared library C:\Users\user\.jdks\openjdk-21.0.1\bin\java.dll
Event: 0.044 Loaded shared library C:\Users\user\.jdks\openjdk-21.0.1\bin\zip.dll
Event: 0.073 Loaded shared library C:\Users\user\.jdks\openjdk-21.0.1\bin\jsvml.dll
Event: 0.560 Loaded shared library C:\Users\user\.jdks\openjdk-21.0.1\bin\instrument.dll

Deoptimization events (0 events):
No events

Classes loaded (20 events):
Event: 0.070 Loading class sun/nio/cs/UTF_8$Encoder
Event: 0.070 Loading class sun/nio/cs/UTF_8$Encoder done
Event: 0.097 Loading class jdk/internal/module/ModuleReferenceImpl$CachedHash
Event: 0.097 Loading class jdk/internal/module/ModuleReferenceImpl$CachedHash done
Event: 0.109 Loading class jdk/internal/vm/VMSupport
Event: 0.109 Loading class jdk/internal/vm/VMSupport done
Event: 0.556 Loading class sun/instrument/InstrumentationImpl
Event: 0.556 Loading class java/lang/instrument/Instrumentation
Event: 0.556 Loading class java/lang/instrument/Instrumentation done
Event: 0.556 Loading class sun/instrument/InstrumentationImpl done
Event: 0.557 Loading class sun/nio/cs/DoubleByte$Encoder
Event: 0.557 Loading class sun/nio/cs/DoubleByte$Encoder done
Event: 0.557 Loading class sun/nio/cs/MS949$EncodeHolder
Event: 0.557 Loading class sun/nio/cs/MS949$EncodeHolder done
Event: 0.560 Loading class sun/instrument/TransformerManager
Event: 0.560 Loading class sun/instrument/TransformerManager done
Event: 0.560 Loading class sun/instrument/TransformerManager$TransformerInfo
Event: 0.560 Loading class sun/instrument/TransformerManager$TransformerInfo done
Event: 0.560 Loading class com/intellij/rt/debugger/agent/DebuggerAgent
Event: 0.560 Loading class com/intellij/rt/debugger/agent/DebuggerAgent done

Classes unloaded (0 events):
No events

Classes redefined (0 events):
No events

Internal exceptions (0 events):
No events

ZGC Phase Switch (0 events):
No events

VM Operations (2 events):
Event: 0.097 Executing VM operation: HandshakeAllThreads (Deoptimize)
Event: 0.097 Executing VM operation: HandshakeAllThreads (Deoptimize) done

Events (15 events):
Event: 0.057 Thread 0x0000018cad28f920 Thread added: 0x0000018cad28f920
Event: 0.071 Thread 0x0000018cce7f7fc0 Thread added: 0x0000018cce7f7fc0
Event: 0.071 Thread 0x0000018cce7f8ce0 Thread added: 0x0000018cce7f8ce0
Event: 0.071 Thread 0x0000018cce7fb8c0 Thread added: 0x0000018cce7fb8c0
Event: 0.072 Thread 0x0000018cce7fc320 Thread added: 0x0000018cce7fc320
Event: 0.072 Thread 0x0000018cce804d90 Thread added: 0x0000018cce804d90
Event: 0.072 Thread 0x0000018cce8057f0 Thread added: 0x0000018cce8057f0
Event: 0.072 Thread 0x0000018cce806580 Thread added: 0x0000018cce806580
Event: 0.072 Thread 0x0000018cce80a0d0 Thread added: 0x0000018cce80a0d0
Event: 0.090 Thread 0x0000018cce972790 Thread added: 0x0000018cce972790
Event: 0.115 Thread 0x0000018ccebafb90 Thread added: 0x0000018ccebafb90
Event: 0.116 Thread 0x0000018cceae19a0 Thread added: 0x0000018cceae19a0
Event: 0.117 Thread 0x0000018ccebb0630 Thread added: 0x0000018ccebb0630
Event: 0.555 Thread 0x0000018ccebb0630 Thread exited: 0x0000018ccebb0630
Event: 0.555 Thread 0x0000018ccebafb90 Thread exited: 0x0000018ccebafb90


Dynamic libraries:
0x00007ff72ee10000 - 0x00007ff72ee1e000 	C:\Users\user\.jdks\openjdk-21.0.1\bin\java.exe
0x00007ff98c970000 - 0x00007ff98cb68000 	C:\Windows\SYSTEM32\ntdll.dll
0x00007ff98b180000 - 0x00007ff98b241000 	C:\Windows\System32\KERNEL32.DLL
0x00007ff98a2e0000 - 0x00007ff98a5d6000 	C:\Windows\System32\KERNELBASE.dll
0x00007ff98a020000 - 0x00007ff98a120000 	C:\Windows\System32\ucrtbase.dll
0x00007ff97b0d0000 - 0x00007ff97b0e8000 	C:\Users\user\.jdks\openjdk-21.0.1\bin\jli.dll
0x00007ff97b0b0000 - 0x00007ff97b0cb000 	C:\Users\user\.jdks\openjdk-21.0.1\bin\VCRUNTIME140.dll
0x00007ff98bea0000 - 0x00007ff98c03f000 	C:\Windows\System32\USER32.dll
0x00007ff971040000 - 0x00007ff9712da000 	C:\Windows\WinSxS\amd64_microsoft.windows.common-controls_6595b64144ccf1df_6.0.19041.4355_none_60b8b9eb71f62e16\COMCTL32.dll
0x00007ff98a2b0000 - 0x00007ff98a2d2000 	C:\Windows\System32\win32u.dll
0x00007ff98bb30000 - 0x00007ff98bbce000 	C:\Windows\System32\msvcrt.dll
0x00007ff98b150000 - 0x00007ff98b17b000 	C:\Windows\System32\GDI32.dll
0x00007ff98a120000 - 0x00007ff98a237000 	C:\Windows\System32\gdi32full.dll
0x00007ff98a840000 - 0x00007ff98a8dd000 	C:\Windows\System32\msvcp_win.dll
0x00007ff98b080000 - 0x00007ff98b0af000 	C:\Windows\System32\IMM32.DLL
0x00007ff97ea30000 - 0x00007ff97ea3c000 	C:\Users\user\.jdks\openjdk-21.0.1\bin\vcruntime140_1.dll
0x00007ff961c40000 - 0x00007ff961cce000 	C:\Users\user\.jdks\openjdk-21.0.1\bin\msvcp140.dll
0x00007ff95a280000 - 0x00007ff95af95000 	C:\Users\user\.jdks\openjdk-21.0.1\bin\server\jvm.dll
0x00007ff98ae10000 - 0x00007ff98aec0000 	C:\Windows\System32\ADVAPI32.dll
0x00007ff98b0b0000 - 0x00007ff98b150000 	C:\Windows\System32\sechost.dll
0x00007ff98aec0000 - 0x00007ff98afe3000 	C:\Windows\System32\RPCRT4.dll
0x00007ff98a8e0000 - 0x00007ff98a907000 	C:\Windows\System32\bcrypt.dll
0x00007ff98b010000 - 0x00007ff98b07b000 	C:\Windows\System32\WS2_32.dll
0x00007ff989e70000 - 0x00007ff989ebb000 	C:\Windows\SYSTEM32\POWRPROF.dll
0x00007ff982880000 - 0x00007ff98288a000 	C:\Windows\SYSTEM32\VERSION.dll
0x00007ff97e410000 - 0x00007ff97e437000 	C:\Windows\SYSTEM32\WINMM.dll
0x00007ff989e50000 - 0x00007ff989e62000 	C:\Windows\SYSTEM32\UMPDC.dll
0x00007ff987e80000 - 0x00007ff987e92000 	C:\Windows\SYSTEM32\kernel.appcore.dll
0x00007ff97ea10000 - 0x00007ff97ea1a000 	C:\Users\user\.jdks\openjdk-21.0.1\bin\jimage.dll
0x00007ff982f80000 - 0x00007ff983164000 	C:\Windows\SYSTEM32\DBGHELP.DLL
0x00007ff9757b0000 - 0x00007ff9757e4000 	C:\Windows\SYSTEM32\dbgcore.DLL
0x00007ff98a910000 - 0x00007ff98a992000 	C:\Windows\System32\bcryptPrimitives.dll
0x00007ff96e190000 - 0x00007ff96e1cc000 	C:\Users\user\.jdks\openjdk-21.0.1\bin\jdwp.dll
0x00007ff97d950000 - 0x00007ff97d95f000 	C:\Users\user\.jdks\openjdk-21.0.1\bin\instrument.dll
0x00007ff971740000 - 0x00007ff97175f000 	C:\Users\user\.jdks\openjdk-21.0.1\bin\java.dll
0x00007ff970ac0000 - 0x00007ff970ad8000 	C:\Users\user\.jdks\openjdk-21.0.1\bin\zip.dll
0x00007ff98c1c0000 - 0x00007ff98c92c000 	C:\Windows\System32\SHELL32.dll
0x00007ff988080000 - 0x00007ff98881e000 	C:\Windows\SYSTEM32\windows.storage.dll
0x00007ff98b260000 - 0x00007ff98b5b3000 	C:\Windows\System32\combase.dll
0x00007ff989970000 - 0x00007ff98999e000 	C:\Windows\SYSTEM32\Wldp.dll
0x00007ff98c040000 - 0x00007ff98c10d000 	C:\Windows\System32\OLEAUT32.dll
0x00007ff98c110000 - 0x00007ff98c1bd000 	C:\Windows\System32\SHCORE.dll
0x00007ff98b5c0000 - 0x00007ff98b615000 	C:\Windows\System32\shlwapi.dll
0x00007ff989f50000 - 0x00007ff989f74000 	C:\Windows\SYSTEM32\profapi.dll
0x00007ff961b60000 - 0x00007ff961c37000 	C:\Users\user\.jdks\openjdk-21.0.1\bin\jsvml.dll
0x00007ff97d190000 - 0x00007ff97d19c000 	C:\Users\user\.jdks\openjdk-21.0.1\bin\dt_socket.dll
0x00007ff989370000 - 0x00007ff9893ab000 	C:\Windows\SYSTEM32\IPHLPAPI.DLL
0x00007ff989680000 - 0x00007ff9896ea000 	C:\Windows\system32\mswsock.dll

dbghelp: loaded successfully - version: 4.0.5 - missing functions: none
symbol engine: initialized successfully - sym options: 0x614 - pdb path: .;C:\Users\user\.jdks\openjdk-21.0.1\bin;C:\Windows\SYSTEM32;C:\Windows\WinSxS\amd64_microsoft.windows.common-controls_6595b64144ccf1df_6.0.19041.4355_none_60b8b9eb71f62e16;C:\Users\user\.jdks\openjdk-21.0.1\bin\server

VM Arguments:
jvm_args: -agentlib:jdwp=transport=dt_socket,address=127.0.0.1:57443,suspend=y,server=n -javaagent:C:\Users\user\AppData\Local\JetBrains\IntelliJIdea2024.1\captureAgent\debugger-agent.jar -Dfile.encoding=UTF-8 -Dsun.stdout.encoding=UTF-8 -Dsun.stderr.encoding=UTF-8 
java_command: com.ll.Main
java_class_path (initial): C:\techitStudy\demo20231019\out\production\classes;C:\Users\user\.gradle\caches\modules-2\files-2.1\com.google.code.gson\gson\2.7\751f548c85fa49f330cecbb1875893f971b33c4e\gson-2.7.jar;C:\Program Files\JetBrains\IntelliJ IDEA 2024.1.3\lib\idea_rt.jar
Launcher Type: SUN_STANDARD

[Global flags]
     intx CICompilerCount                          = 4                                         {product} {ergonomic}
     uint ConcGCThreads                            = 3                                         {product} {ergonomic}
     uint G1ConcRefinementThreads                  = 10                                        {product} {ergonomic}
   size_t G1HeapRegionSize                         = 2097152                                   {product} {ergonomic}
    uintx GCDrainStackTargetSize                   = 64                                        {product} {ergonomic}
   size_t InitialHeapSize                          = 260046848                                 {product} {ergonomic}
   size_t MarkStackSize                            = 4194304                                   {product} {ergonomic}
   size_t MaxHeapSize                              = 4133486592                                {product} {ergonomic}
   size_t MaxNewSize                               = 2478833664                                {product} {ergonomic}
   size_t MinHeapDeltaBytes                        = 2097152                                   {product} {ergonomic}
   size_t MinHeapSize                              = 8388608                                   {product} {ergonomic}
    uintx NonNMethodCodeHeapSize                   = 5839372                                {pd product} {ergonomic}
    uintx NonProfiledCodeHeapSize                  = 122909434                              {pd product} {ergonomic}
    uintx ProfiledCodeHeapSize                     = 122909434                              {pd product} {ergonomic}
    uintx ReservedCodeCacheSize                    = 251658240                              {pd product} {ergonomic}
     bool SegmentedCodeCache                       = true                                      {product} {ergonomic}
   size_t SoftMaxHeapSize                          = 4133486592                             {manageable} {ergonomic}
     bool UseCompressedOops                        = true                           {product lp64_product} {ergonomic}
     bool UseG1GC                                  = true                                      {product} {ergonomic}
     bool UseLargePagesIndividualAllocation        = false                                  {pd product} {ergonomic}

Logging:
Log output configuration:
 #0: stdout all=warning uptime,level,tags foldmultilines=false
 #1: stderr all=off uptime,level,tags foldmultilines=false

Environment Variables:
JAVA_HOME=C:\jdk-11
PATH=C:\Program Files\Common Files\Oracle\Java\javapath;C:\jdk-11\bin;C:\WINDOWS.X64_193000_db_home\bin;C:\Program Files\Zulu\zulu-8\bin\;C:\Windows\system32;C:\Windows;C:\Windows\System32\Wbem;C:\Windows\System32\WindowsPowerShell\v1.0\;C:\Windows\System32\OpenSSH\;C:\Program Files\Amazon\AWSCLIV2\;C:\Program Files\Docker\Docker\resources\bin;C:\ProgramData\chocolatey\bin;C:\Program Files\nodejs\;C:\Program Files\Git\cmd;C:\Users\user\AppData\Local\Programs\Python\Python38\Scripts\;C:\Users\user\AppData\Local\Programs\Python\Python38\;C:\Users\user\AppData\Local\Programs\Python\Launcher\;C:\Users\user\AppData\Local\Microsoft\WindowsApps;C:\Program Files\JetBrains\PyCharm Community Edition 2023.2.1\bin;;C:\Users\user\AppData\Local\Programs\Microsoft VS Code\bin;C:\Users\user\AppData\Roaming\npm;C:\Users\user\AppData\Local\GitHubDesktop\bin
USERNAME=user
OS=Windows_NT
PROCESSOR_IDENTIFIER=AMD64 Family 23 Model 96 Stepping 1, AuthenticAMD
TMP=C:\Users\user\AppData\Local\Temp
TEMP=C:\Users\user\AppData\Local\Temp




Periodic native trim disabled

---------------  S Y S T E M  ---------------

OS:
 Windows 10 , 64 bit Build 19041 (10.0.19041.4597)
OS uptime: 9 days 2:15 hours
Hyper-V role detected

CPU: total 12 (initial active 12) (12 cores per cpu, 2 threads per core) family 23 model 96 stepping 1 microcode 0x0, cx8, cmov, fxsr, ht, mmx, 3dnowpref, sse, sse2, sse3, ssse3, sse4a, sse4.1, sse4.2, popcnt, lzcnt, tsc, tscinvbit, avx, avx2, aes, clmul, bmi1, bmi2, adx, sha, fma, vzeroupper, clflush, clflushopt, hv, rdtscp, rdpid, f16c
Processor Information for all 12 processors :
  Max Mhz: 3701, Current Mhz: 3701, Mhz Limit: 3701

Memory: 4k page, system-wide physical 15761M (489M free)
TotalPageFile size 45556M (AvailPageFile size 6M)
current process WorkingSet (physical memory assigned to process): 38M, peak: 38M
current process commit charge ("private bytes"): 336M, peak: 336M

vm_info: OpenJDK 64-Bit Server VM (21.0.1+12-29) for windows-amd64 JRE (21.0.1+12-29), built on 2023-10-05T13:27:09Z by "mach5one" with MS VC++ 17.1 (VS2022)

END.
